<?xml version="1.0" encoding="UTF-8"?>
<!-- Generated by org.testng.reporters.JUnitReportReporter -->
<testsuite skipped="0" hostname="NE46Rs" name="Demo1" tests="2" failures="0" timestamp="23 Dec 2019 08:00:19 GMT" time="95.111" errors="0">
  <testcase name="google" time="58.888" classname="Demo1"/>
  <testcase name="facebook" time="36.223" classname="Demo1"/>
</testsuite> <!-- Demo1 -->
